<?xml version="1.0" encoding="UTF-8"?>
<!-- Generated by org.testng.reporters.JUnitReportReporter -->
<testsuite hostname="DESKTOP-GD410S4" failures="0" tests="1" name="webPageTest.ReservationTest" time="1.382" errors="0" timestamp="2022-02-01T09:24:21 CET" skipped="0">
  <testcase classname="webPageTest.ReservationTest" name="reserveTest" time="1.382"/>
  <system-out/>
</testsuite> <!-- webPageTest.ReservationTest -->
