<?xml version="1.0" encoding="UTF-8"?>
<!-- Generated by org.testng.reporters.JUnitReportReporter -->
<testsuite hostname="DESKTOP-GD410S4" failures="0" tests="1" name="webPageTest.QuestionaireTest" time="3.706" errors="0" timestamp="2022-02-01T09:24:21 CET" skipped="0">
  <testcase classname="webPageTest.QuestionaireTest" name="questionaireTest" time="3.706"/>
  <system-out/>
</testsuite> <!-- webPageTest.QuestionaireTest -->
