<?xml version="1.0" encoding="UTF-8"?>
<!-- Generated by org.testng.reporters.JUnitReportReporter -->
<testsuite hostname="DESKTOP-GD410S4" failures="0" tests="1" name="webPageTest.ReserveTest" time="2.732" errors="0" timestamp="2022-01-30T16:53:47 CET" skipped="0">
  <testcase classname="webPageTest.ReserveTest" name="reserveTest" time="2.732"/>
  <system-out/>
</testsuite> <!-- webPageTest.ReserveTest -->
