<?xml version="1.0" encoding="UTF-8"?>
<!-- Generated by org.testng.reporters.JUnitReportReporter -->
<testsuite hostname="DESKTOP-GD410S4" failures="0" tests="1" name="webPageTest.MenuTest" time="28.335" errors="0" timestamp="2022-03-30T09:14:43 CEST" skipped="0">
  <testcase classname="webPageTest.MenuTest" name="menuTest" time="28.335"/>
  <system-out/>
</testsuite> <!-- webPageTest.MenuTest -->
